0 info it worked if it ends with ok
1 verbose cli [ '/Users/bpluim/.nvm/versions/node/v4.0.0/bin/node',
1 verbose cli   '/Users/bpluim/.nvm/versions/node/v4.0.0/bin/npm',
1 verbose cli   'run',
1 verbose cli   'deploy' ]
2 info using npm@2.14.2
3 info using node@v4.0.0
4 verbose run-script [ 'predeploy', 'deploy', 'postdeploy' ]
5 info predeploy pics@0.1.0
6 verbose unsafe-perm in lifecycle true
7 info pics@0.1.0 Failed to exec predeploy script
8 verbose stack Error: pics@0.1.0 predeploy: `npm run build`
8 verbose stack Exit status 1
8 verbose stack     at EventEmitter.<anonymous> (/Users/bpluim/.nvm/versions/node/v4.0.0/lib/node_modules/npm/lib/utils/lifecycle.js:214:16)
8 verbose stack     at emitTwo (events.js:87:13)
8 verbose stack     at EventEmitter.emit (events.js:172:7)
8 verbose stack     at ChildProcess.<anonymous> (/Users/bpluim/.nvm/versions/node/v4.0.0/lib/node_modules/npm/lib/utils/spawn.js:24:14)
8 verbose stack     at emitTwo (events.js:87:13)
8 verbose stack     at ChildProcess.emit (events.js:172:7)
8 verbose stack     at maybeClose (internal/child_process.js:817:16)
8 verbose stack     at Process.ChildProcess._handle.onexit (internal/child_process.js:211:5)
9 verbose pkgid pics@0.1.0
10 verbose cwd /Users/bpluim/Documents/TestFiles/pics
11 error Darwin 19.6.0
12 error argv "/Users/bpluim/.nvm/versions/node/v4.0.0/bin/node" "/Users/bpluim/.nvm/versions/node/v4.0.0/bin/npm" "run" "deploy"
13 error node v4.0.0
14 error npm  v2.14.2
15 error code ELIFECYCLE
16 error pics@0.1.0 predeploy: `npm run build`
16 error Exit status 1
17 error Failed at the pics@0.1.0 predeploy script 'npm run build'.
17 error This is most likely a problem with the pics package,
17 error not with npm itself.
17 error Tell the author that this fails on your system:
17 error     npm run build
17 error You can get their info via:
17 error     npm owner ls pics
17 error There is likely additional logging output above.
18 verbose exit [ 1, true ]
